Started GET "/" for 127.0.0.1 at 2019-02-14 11:23:47 +0900
  
ActiveRecord::NoDatabaseError (Unknown database 'stockphoto_development'):
  
vendor/bundle/ruby/2.4.0/gems/activerecord-5.2.2/lib/active_record/connection_adapters/mysql2_adapter.rb:26:in `rescue in mysql2_connection'
vendor/bundle/ruby/2.4.0/gems/activerecord-5.2.2/lib/active_record/connection_adapters/mysql2_adapter.rb:12:in `mysql2_connection'
vendor/bundle/ruby/2.4.0/gems/activerecord-5.2.2/lib/active_record/connection_adapters/abstract/connection_pool.rb:811:in `new_connection'
vendor/bundle/ruby/2.4.0/gems/activerecord-5.2.2/lib/active_record/connection_adapters/abstract/connection_pool.rb:855:in `checkout_new_connection'
vendor/bundle/ruby/2.4.0/gems/activerecord-5.2.2/lib/active_record/connection_adapters/abstract/connection_pool.rb:834:in `try_to_checkout_new_connection'
vendor/bundle/ruby/2.4.0/gems/activerecord-5.2.2/lib/active_record/connection_adapters/abstract/connection_pool.rb:795:in `acquire_connection'
vendor/bundle/ruby/2.4.0/gems/activerecord-5.2.2/lib/active_record/connection_adapters/abstract/connection_pool.rb:523:in `checkout'
vendor/bundle/ruby/2.4.0/gems/activerecord-5.2.2/lib/active_record/connection_adapters/abstract/connection_pool.rb:382:in `connection'
vendor/bundle/ruby/2.4.0/gems/activerecord-5.2.2/lib/active_record/connection_adapters/abstract/connection_pool.rb:1010:in `retrieve_connection'
vendor/bundle/ruby/2.4.0/gems/activerecord-5.2.2/lib/active_record/connection_handling.rb:118:in `retrieve_connection'
vendor/bundle/ruby/2.4.0/gems/activerecord-5.2.2/lib/active_record/connection_handling.rb:90:in `connection'
vendor/bundle/ruby/2.4.0/gems/activerecord-5.2.2/lib/active_record/migration.rb:554:in `call'
vendor/bundle/ruby/2.4.0/gems/actionpack-5.2.2/lib/action_dispatch/middleware/callbacks.rb:28:in `block in call'
vendor/bundle/ruby/2.4.0/gems/activesupport-5.2.2/lib/active_support/callbacks.rb:98:in `run_callbacks'
vendor/bundle/ruby/2.4.0/gems/actionpack-5.2.2/lib/action_dispatch/middleware/callbacks.rb:26:in `call'
vendor/bundle/ruby/2.4.0/gems/actionpack-5.2.2/lib/action_dispatch/middleware/executor.rb:14:in `call'
vendor/bundle/ruby/2.4.0/gems/actionpack-5.2.2/lib/action_dispatch/middleware/debug_exceptions.rb:61:in `call'
vendor/bundle/ruby/2.4.0/gems/web-console-3.7.0/lib/web_console/middleware.rb:135:in `call_app'
vendor/bundle/ruby/2.4.0/gems/web-console-3.7.0/lib/web_console/middleware.rb:30:in `block in call'
vendor/bundle/ruby/2.4.0/gems/web-console-3.7.0/lib/web_console/middleware.rb:20:in `catch'
vendor/bundle/ruby/2.4.0/gems/web-console-3.7.0/lib/web_console/middleware.rb:20:in `call'
vendor/bundle/ruby/2.4.0/gems/actionpack-5.2.2/lib/action_dispatch/middleware/show_exceptions.rb:33:in `call'
vendor/bundle/ruby/2.4.0/gems/railties-5.2.2/lib/rails/rack/logger.rb:38:in `call_app'
vendor/bundle/ruby/2.4.0/gems/railties-5.2.2/lib/rails/rack/logger.rb:26:in `block in call'
vendor/bundle/ruby/2.4.0/gems/activesupport-5.2.2/lib/active_support/tagged_logging.rb:71:in `block in tagged'
vendor/bundle/ruby/2.4.0/gems/activesupport-5.2.2/lib/active_support/tagged_logging.rb:28:in `tagged'
vendor/bundle/ruby/2.4.0/gems/activesupport-5.2.2/lib/active_support/tagged_logging.rb:71:in `tagged'
vendor/bundle/ruby/2.4.0/gems/railties-5.2.2/lib/rails/rack/logger.rb:26:in `call'
vendor/bundle/ruby/2.4.0/gems/sprockets-rails-3.2.1/lib/sprockets/rails/quiet_assets.rb:13:in `call'
vendor/bundle/ruby/2.4.0/gems/actionpack-5.2.2/lib/action_dispatch/middleware/remote_ip.rb:81:in `call'
vendor/bundle/ruby/2.4.0/gems/actionpack-5.2.2/lib/action_dispatch/middleware/request_id.rb:27:in `call'
vendor/bundle/ruby/2.4.0/gems/rack-2.0.6/lib/rack/method_override.rb:22:in `call'
vendor/bundle/ruby/2.4.0/gems/rack-2.0.6/lib/rack/runtime.rb:22:in `call'
vendor/bundle/ruby/2.4.0/gems/activesupport-5.2.2/lib/active_support/cache/strategy/local_cache_middleware.rb:29:in `call'
vendor/bundle/ruby/2.4.0/gems/actionpack-5.2.2/lib/action_dispatch/middleware/executor.rb:14:in `call'
vendor/bundle/ruby/2.4.0/gems/actionpack-5.2.2/lib/action_dispatch/middleware/static.rb:127:in `call'
vendor/bundle/ruby/2.4.0/gems/rack-2.0.6/lib/rack/sendfile.rb:111:in `call'
vendor/bundle/ruby/2.4.0/gems/railties-5.2.2/lib/rails/engine.rb:524:in `call'
vendor/bundle/ruby/2.4.0/gems/puma-3.12.0/lib/puma/configuration.rb:225:in `call'
vendor/bundle/ruby/2.4.0/gems/puma-3.12.0/lib/puma/server.rb:658:in `handle_request'
vendor/bundle/ruby/2.4.0/gems/puma-3.12.0/lib/puma/server.rb:472:in `process_client'
vendor/bundle/ruby/2.4.0/gems/puma-3.12.0/lib/puma/server.rb:332:in `block in run'
vendor/bundle/ruby/2.4.0/gems/puma-3.12.0/lib/puma/thread_pool.rb:133:in `block in spawn_thread'
Started GET "/" for 127.0.0.1 at 2019-02-14 11:25:12 +0900
  [1m[35m (27.8ms)[0m  [1m[35mSET NAMES utf8,  @@SESSION.sql_mode = CONCAT(CONCAT(@@sql_mode, ',STRICT_ALL_TABLES'), ',NO_AUTO_VALUE_ON_ZERO'),  @@SESSION.sql_auto_is_null = 0, @@SESSION.wait_timeout = 2147483[0m
  ↳ vendor/bundle/ruby/2.4.0/gems/activerecord-5.2.2/lib/active_record/log_subscriber.rb:98
Processing by Rails::WelcomeController#index as HTML
  Rendering vendor/bundle/ruby/2.4.0/gems/railties-5.2.2/lib/rails/templates/rails/welcome/index.html.erb
  Rendered vendor/bundle/ruby/2.4.0/gems/railties-5.2.2/lib/rails/templates/rails/welcome/index.html.erb (2.7ms)
Completed 200 OK in 15ms (Views: 8.7ms | ActiveRecord: 0.0ms)


